#
# There is insufficient memory for the Java Runtime Environment to continue.
# Native memory allocation (mmap) failed to map 12582912 bytes for G1 virtual space
# Possible reasons:
#   The system is out of physical RAM or swap space
#   The process is running with CompressedOops enabled, and the Java Heap may be blocking the growth of the native heap
# Possible solutions:
#   Reduce memory load on the system
#   Increase physical memory or swap space
#   Check if swap backing store is full
#   Decrease Java heap size (-Xmx/-Xms)
#   Decrease number of Java threads
#   Decrease Java thread stack sizes (-Xss)
#   Set larger code cache with -XX:ReservedCodeCacheSize=
#   JVM is running with Zero Based Compressed Oops mode in which the Java heap is
#     placed in the first 32GB address space. The Java Heap base address is the
#     maximum limit for the native heap growth. Please use -XX:HeapBaseMinAddress
#     to set the Java Heap base and to place the Java Heap above 32GB virtual address.
# This output file may be truncated or incomplete.
#
#  Out of Memory Error (os_windows.cpp:3617), pid=234368, tid=232976
#
# JRE version: OpenJDK Runtime Environment Corretto-17.0.8.8.1 (17.0.8.1+8) (build 17.0.8.1+8-LTS)
# Java VM: OpenJDK 64-Bit Server VM Corretto-17.0.8.8.1 (17.0.8.1+8-LTS, mixed mode, emulated-client, sharing, tiered, compressed oops, compressed class ptrs, g1 gc, windows-amd64)
# No core dump will be written. Minidumps are not enabled by default on client versions of Windows
#

---------------  S U M M A R Y ------------

Command Line: -XX:TieredStopAtLevel=1 -Dspring.output.ansi.enabled=always -Dcom.sun.management.jmxremote -Dspring.jmx.enabled=true -Dspring.liveBeansView.mbeanDomain -Dspring.application.admin.enabled=true -Dmanagement.endpoints.jmx.exposure.include=* -javaagent:C:\Program Files\JetBrains\IntelliJ IDEA 2023.1.2\lib\idea_rt.jar=49305:C:\Program Files\JetBrains\IntelliJ IDEA 2023.1.2\bin -Dfile.encoding=UTF-8 com.dggl.amei.AmeiApplication

Host: 11th Gen Intel(R) Core(TM) i5-1135G7 @ 2.40GHz, 8 cores, 15G,  Windows 10 , 64 bit Build 19041 (10.0.19041.3636)
Time: Fri Nov 24 14:23:46 2023 Hora oficial do Brasil elapsed time: 177.368726 seconds (0d 0h 2m 57s)

---------------  T H R E A D  ---------------

Current thread (0x00000200ff46cec0):  VMThread "VM Thread" [stack: 0x0000009fa4e00000,0x0000009fa4f00000] [id=232976]

Stack: [0x0000009fa4e00000,0x0000009fa4f00000]
Native frames: (J=compiled Java code, j=interpreted, Vv=VM code, C=native code)
V  [jvm.dll+0x64c9da]
V  [jvm.dll+0x800834]
V  [jvm.dll+0x801fee]
V  [jvm.dll+0x802643]
V  [jvm.dll+0x23715b]
V  [jvm.dll+0x64977a]
V  [jvm.dll+0x63e1ca]
V  [jvm.dll+0x2f5e99]
V  [jvm.dll+0x2fd096]
V  [jvm.dll+0x349b7a]
V  [jvm.dll+0x349dbf]
V  [jvm.dll+0x2cc0d8]
V  [jvm.dll+0x2ca4d7]
V  [jvm.dll+0x2c9abc]
V  [jvm.dll+0x30d2bb]
V  [jvm.dll+0x806a9b]
V  [jvm.dll+0x807778]
V  [jvm.dll+0x807ca5]
V  [jvm.dll+0x808074]
V  [jvm.dll+0x80813e]
V  [jvm.dll+0x7b392a]
V  [jvm.dll+0x64b845]
C  [ucrtbase.dll+0x21bb2]
C  [KERNEL32.DLL+0x17344]
C  [ntdll.dll+0x526b1]

VM_Operation (0x0000009fa5afde80): G1CollectForAllocation, mode: safepoint, requested by thread 0x00000200d2596d40


---------------  P R O C E S S  ---------------

Threads class SMR info:
_java_thread_list=0x00000200d2750070, length=31, elements={
0x00000200ff472dd0, 0x00000200ff473990, 0x00000200ff4891b0, 0x00000200ff48ac90,
0x00000200ff48d660, 0x00000200ff48e020, 0x00000200ff48ea90, 0x00000200d20034b0,
0x00000200ff45c1f0, 0x00000200d2596d40, 0x00000200d2597220, 0x00000200d2773a40,
0x00000200d2a51a10, 0x00000200d3d2aec0, 0x00000200d3d29a80, 0x00000200d3d29f90,
0x00000200d3d2c300, 0x00000200d3d2b3d0, 0x00000200d3d2a9b0, 0x00000200d3d2b8e0,
0x00000200d3d2bdf0, 0x00000200d3d2c810, 0x00000200d4b9a4d0, 0x00000200d4b99fc0,
0x00000200d4b9a9e0, 0x00000200d4b9dc80, 0x00000200d4b9c330, 0x00000200d4b9aef0,
0x00000200d4b99090, 0x00000200d4b9b400, 0x00000200d4b9f5d0
}

Java Threads: ( => current thread )
  0x00000200ff472dd0 JavaThread "Reference Handler" daemon [_thread_blocked, id=231860, stack(0x0000009fa4f00000,0x0000009fa5000000)]
  0x00000200ff473990 JavaThread "Finalizer" daemon [_thread_blocked, id=185132, stack(0x0000009fa5000000,0x0000009fa5100000)]
  0x00000200ff4891b0 JavaThread "Signal Dispatcher" daemon [_thread_blocked, id=234136, stack(0x0000009fa5100000,0x0000009fa5200000)]
  0x00000200ff48ac90 JavaThread "Attach Listener" daemon [_thread_blocked, id=223172, stack(0x0000009fa5200000,0x0000009fa5300000)]
  0x00000200ff48d660 JavaThread "Service Thread" daemon [_thread_blocked, id=228620, stack(0x0000009fa5300000,0x0000009fa5400000)]
  0x00000200ff48e020 JavaThread "Monitor Deflation Thread" daemon [_thread_blocked, id=233576, stack(0x0000009fa5400000,0x0000009fa5500000)]
  0x00000200ff48ea90 JavaThread "C1 CompilerThread0" daemon [_thread_blocked, id=216844, stack(0x0000009fa5500000,0x0000009fa5600000)]
  0x00000200d20034b0 JavaThread "Sweeper thread" daemon [_thread_blocked, id=229516, stack(0x0000009fa5600000,0x0000009fa5700000)]
  0x00000200ff45c1f0 JavaThread "Common-Cleaner" daemon [_thread_blocked, id=234104, stack(0x0000009fa5700000,0x0000009fa5800000)]
  0x00000200d2596d40 JavaThread "Monitor Ctrl-Break" daemon [_thread_blocked, id=231048, stack(0x0000009fa5a00000,0x0000009fa5b00000)]
  0x00000200d2597220 JavaThread "Notification Thread" daemon [_thread_blocked, id=233772, stack(0x0000009fa5b00000,0x0000009fa5c00000)]
  0x00000200d2773a40 JavaThread "RMI TCP Accept-0" daemon [_thread_in_native, id=234008, stack(0x0000009fa5c00000,0x0000009fa5d00000)]
  0x00000200d2a51a10 JavaThread "RMI Scheduler(0)" daemon [_thread_blocked, id=141240, stack(0x0000009fa6000000,0x0000009fa6100000)]
  0x00000200d3d2aec0 JavaThread "HikariPool-1 housekeeper" daemon [_thread_blocked, id=230692, stack(0x0000009fa6d00000,0x0000009fa6e00000)]
  0x00000200d3d29a80 JavaThread "Catalina-utility-1" [_thread_blocked, id=233184, stack(0x0000009fa6f00000,0x0000009fa7000000)]
  0x00000200d3d29f90 JavaThread "Catalina-utility-2" [_thread_blocked, id=234328, stack(0x0000009fa7000000,0x0000009fa7100000)]
  0x00000200d3d2c300 JavaThread "container-0" [_thread_blocked, id=219256, stack(0x0000009fa7200000,0x0000009fa7300000)]
  0x00000200d3d2b3d0 JavaThread "http-nio-8080-exec-1" daemon [_thread_blocked, id=157700, stack(0x0000009fa6e00000,0x0000009fa6f00000)]
  0x00000200d3d2a9b0 JavaThread "http-nio-8080-exec-2" daemon [_thread_blocked, id=232516, stack(0x0000009fa7100000,0x0000009fa7200000)]
  0x00000200d3d2b8e0 JavaThread "http-nio-8080-exec-3" daemon [_thread_blocked, id=232084, stack(0x0000009fa7300000,0x0000009fa7400000)]
  0x00000200d3d2bdf0 JavaThread "http-nio-8080-exec-4" daemon [_thread_blocked, id=234168, stack(0x0000009fa7400000,0x0000009fa7500000)]
  0x00000200d3d2c810 JavaThread "http-nio-8080-exec-5" daemon [_thread_blocked, id=173772, stack(0x0000009fa7500000,0x0000009fa7600000)]
  0x00000200d4b9a4d0 JavaThread "http-nio-8080-exec-6" daemon [_thread_blocked, id=224916, stack(0x0000009fa7600000,0x0000009fa7700000)]
  0x00000200d4b99fc0 JavaThread "http-nio-8080-exec-7" daemon [_thread_blocked, id=176080, stack(0x0000009fa7700000,0x0000009fa7800000)]
  0x00000200d4b9a9e0 JavaThread "http-nio-8080-exec-8" daemon [_thread_blocked, id=198064, stack(0x0000009fa7800000,0x0000009fa7900000)]
  0x00000200d4b9dc80 JavaThread "http-nio-8080-exec-9" daemon [_thread_blocked, id=220540, stack(0x0000009fa7900000,0x0000009fa7a00000)]
  0x00000200d4b9c330 JavaThread "http-nio-8080-exec-10" daemon [_thread_blocked, id=229612, stack(0x0000009fa7a00000,0x0000009fa7b00000)]
  0x00000200d4b9aef0 JavaThread "http-nio-8080-Poller" daemon [_thread_in_native, id=192964, stack(0x0000009fa7b00000,0x0000009fa7c00000)]
  0x00000200d4b99090 JavaThread "http-nio-8080-Acceptor" daemon [_thread_in_native, id=234124, stack(0x0000009fa7c00000,0x0000009fa7d00000)]
  0x00000200d4b9b400 JavaThread "scheduling-1" [_thread_blocked, id=231412, stack(0x0000009fa7d00000,0x0000009fa7e00000)]
  0x00000200d4b9f5d0 JavaThread "DestroyJavaVM" [_thread_blocked, id=233744, stack(0x0000009fa4800000,0x0000009fa4900000)]

Other Threads:
=>0x00000200ff46cec0 VMThread "VM Thread" [stack: 0x0000009fa4e00000,0x0000009fa4f00000] [id=232976]
  0x00000200d2693bc0 WatcherThread [stack: 0x0000009fa5d00000,0x0000009fa5e00000] [id=232596]
  0x00000200f55ffc20 GCTaskThread "GC Thread#0" [stack: 0x0000009fa4900000,0x0000009fa4a00000] [id=233740]
  0x00000200d2aaef60 GCTaskThread "GC Thread#1" [stack: 0x0000009fa6100000,0x0000009fa6200000] [id=229388]
  0x00000200d2a6efe0 GCTaskThread "GC Thread#2" [stack: 0x0000009fa6200000,0x0000009fa6300000] [id=233352]
  0x00000200d2a699c0 GCTaskThread "GC Thread#3" [stack: 0x0000009fa6300000,0x0000009fa6400000] [id=177584]
  0x00000200d2a69c80 GCTaskThread "GC Thread#4" [stack: 0x0000009fa6400000,0x0000009fa6500000] [id=231468]
  0x00000200d2a9e8f0 GCTaskThread "GC Thread#5" [stack: 0x0000009fa6500000,0x0000009fa6600000] [id=226232]
  0x00000200d2af23e0 GCTaskThread "GC Thread#6" [stack: 0x0000009fa6600000,0x0000009fa6700000] [id=215264]
  0x00000200d2af26a0 GCTaskThread "GC Thread#7" [stack: 0x0000009fa6700000,0x0000009fa6800000] [id=227964]
  0x00000200f5610840 ConcurrentGCThread "G1 Main Marker" [stack: 0x0000009fa4a00000,0x0000009fa4b00000] [id=231184]
  0x00000200f5611250 ConcurrentGCThread "G1 Conc#0" [stack: 0x0000009fa4b00000,0x0000009fa4c00000] [id=233288]
  0x00000200d367a3e0 ConcurrentGCThread "G1 Conc#1" [stack: 0x0000009fa6c00000,0x0000009fa6d00000] [id=226584]
  0x00000200f564ecc0 ConcurrentGCThread "G1 Refine#0" [stack: 0x0000009fa4c00000,0x0000009fa4d00000] [id=226960]
  0x00000200d2a9ebb0 ConcurrentGCThread "G1 Refine#1" [stack: 0x0000009fa6800000,0x0000009fa6900000] [id=130748]
  0x00000200d2afbf20 ConcurrentGCThread "G1 Refine#2" [stack: 0x0000009fa6900000,0x0000009fa6a00000] [id=184556]
  0x00000200d2ab5890 ConcurrentGCThread "G1 Refine#3" [stack: 0x0000009fa6a00000,0x0000009fa6b00000] [id=224432]
  0x00000200ff329860 ConcurrentGCThread "G1 Service" [stack: 0x0000009fa4d00000,0x0000009fa4e00000] [id=204888]

Threads with active compile tasks:

VM state: at safepoint (normal execution)

VM Mutex/Monitor currently owned by a thread:  ([mutex/lock_event])
[0x00000200f558d580] Threads_lock - owner thread: 0x00000200ff46cec0
[0x00000200f558d2b0] Heap_lock - owner thread: 0x00000200d2596d40

Heap address: 0x0000000703200000, size: 4046 MB, Compressed Oops mode: Zero based, Oop shift amount: 3

CDS archive(s) mapped at: [0x000002008d000000-0x000002008dbd0000-0x000002008dbd0000), size 12386304, SharedBaseAddress: 0x000002008d000000, ArchiveRelocationMode: 1.
Compressed class space mapped at: 0x000002008e000000-0x00000200ce000000, reserved size: 1073741824
Narrow klass base: 0x000002008d000000, Narrow klass shift: 0, Narrow klass range: 0x100000000

GC Precious Log:
 CPUs: 8 total, 8 available
 Memory: 16183M
 Large Page Support: Disabled
 NUMA Support: Disabled
 Compressed Oops: Enabled (Zero based)
 Heap Region Size: 2M
 Heap Min Capacity: 8M
 Heap Initial Capacity: 254M
 Heap Max Capacity: 4046M
 Pre-touch: Disabled
 Parallel Workers: 8
 Concurrent Workers: 2
 Concurrent Refinement Workers: 8
 Periodic GC: Disabled

Heap:
 garbage-first heap   total 108544K, used 39856K [0x0000000703200000, 0x0000000800000000)
  region size 2048K, 4 young (8192K), 4 survivors (8192K)
 Metaspace       used 68194K, committed 68800K, reserved 1114112K
  class space    used 9755K, committed 10048K, reserved 1048576K

Heap Regions: E=young(eden), S=young(survivor), O=old, HS=humongous(starts), HC=humongous(continues), CS=collection set, F=free, OA=open archive, CA=closed archive, TAMS=top-at-mark-start (previous, next)
|   0|0x0000000703200000, 0x0000000703400000, 0x0000000703400000|100%| O|  |TAMS 0x0000000703400000, 0x0000000703200000| Untracked 
|   1|0x0000000703400000, 0x0000000703600000, 0x0000000703600000|100%| O|  |TAMS 0x0000000703600000, 0x0000000703400000| Untracked 
|   2|0x0000000703600000, 0x0000000703800000, 0x0000000703800000|100%| O|  |TAMS 0x0000000703800000, 0x0000000703600000| Untracked 
|   3|0x0000000703800000, 0x0000000703a00000, 0x0000000703a00000|100%| O|  |TAMS 0x0000000703a00000, 0x0000000703800000| Untracked 
|   4|0x0000000703a00000, 0x0000000703b10c00, 0x0000000703c00000| 53%| O|  |TAMS 0x0000000703b10c00, 0x0000000703a00000| Untracked 
|   5|0x0000000703c00000, 0x0000000703e00000, 0x0000000703e00000|100%| O|  |TAMS 0x0000000703e00000, 0x0000000703c00000| Untracked 
|   6|0x0000000703e00000, 0x0000000704000000, 0x0000000704000000|100%| O|  |TAMS 0x0000000704000000, 0x0000000703e00000| Untracked 
|   7|0x0000000704000000, 0x0000000704200000, 0x0000000704200000|100%| O|  |TAMS 0x0000000704200000, 0x0000000704000000| Untracked 
|   8|0x0000000704200000, 0x0000000704400000, 0x0000000704400000|100%| O|  |TAMS 0x0000000704400000, 0x0000000704200000| Untracked 
|   9|0x0000000704400000, 0x0000000704600000, 0x0000000704600000|100%| O|  |TAMS 0x0000000704600000, 0x0000000704400000| Untracked 
|  10|0x0000000704600000, 0x0000000704800000, 0x0000000704800000|100%| O|  |TAMS 0x0000000704800000, 0x0000000704600000| Untracked 
|  11|0x0000000704800000, 0x0000000704a00000, 0x0000000704a00000|100%| O|  |TAMS 0x0000000704a00000, 0x0000000704800000| Untracked 
|  12|0x0000000704a00000, 0x0000000704c00000, 0x0000000704c00000|100%| O|  |TAMS 0x0000000704c00000, 0x0000000704a00000| Untracked 
|  13|0x0000000704c00000, 0x0000000704e00000, 0x0000000704e00000|100%| O|  |TAMS 0x0000000704e00000, 0x0000000704c00000| Untracked 
|  14|0x0000000704e00000, 0x0000000705000000, 0x0000000705000000|100%| O|  |TAMS 0x0000000704f90600, 0x0000000704e00000| Untracked 
|  15|0x0000000705000000, 0x0000000705200000, 0x0000000705200000|100%| O|  |TAMS 0x0000000705000000, 0x0000000705000000| Untracked 
|  16|0x0000000705200000, 0x0000000705212400, 0x0000000705400000|  3%| O|  |TAMS 0x0000000705200000, 0x0000000705200000| Untracked 
|  17|0x0000000705400000, 0x0000000705400000, 0x0000000705600000|  0%| F|  |TAMS 0x0000000705400000, 0x0000000705400000| Untracked 
|  18|0x0000000705600000, 0x0000000705600000, 0x0000000705800000|  0%| F|  |TAMS 0x0000000705600000, 0x0000000705600000| Untracked 
|  19|0x0000000705800000, 0x0000000705800000, 0x0000000705a00000|  0%| F|  |TAMS 0x0000000705800000, 0x0000000705800000| Untracked 
|  20|0x0000000705a00000, 0x0000000705a00000, 0x0000000705c00000|  0%| F|  |TAMS 0x0000000705a00000, 0x0000000705a00000| Untracked 
|  21|0x0000000705c00000, 0x0000000705c00000, 0x0000000705e00000|  0%| F|  |TAMS 0x0000000705c00000, 0x0000000705c00000| Untracked 
|  22|0x0000000705e00000, 0x0000000705fc9220, 0x0000000706000000| 89%| S|CS|TAMS 0x0000000705e00000, 0x0000000705e00000| Complete 
|  23|0x0000000706000000, 0x0000000706200000, 0x0000000706200000|100%| S|CS|TAMS 0x0000000706000000, 0x0000000706000000| Complete 
|  24|0x0000000706200000, 0x0000000706200000, 0x0000000706400000|  0%| F|  |TAMS 0x0000000706200000, 0x0000000706200000| Untracked 
|  25|0x0000000706400000, 0x0000000706400000, 0x0000000706600000|  0%| F|  |TAMS 0x0000000706400000, 0x0000000706400000| Untracked 
|  26|0x0000000706600000, 0x0000000706600000, 0x0000000706800000|  0%| F|  |TAMS 0x0000000706600000, 0x0000000706600000| Untracked 
|  27|0x0000000706800000, 0x0000000706a00000, 0x0000000706a00000|100%| S|CS|TAMS 0x0000000706800000, 0x0000000706800000| Complete 
|  28|0x0000000706a00000, 0x0000000706c00000, 0x0000000706c00000|100%| S|CS|TAMS 0x0000000706a00000, 0x0000000706a00000| Complete 
|  29|0x0000000706c00000, 0x0000000706c00000, 0x0000000706e00000|  0%| F|  |TAMS 0x0000000706c00000, 0x0000000706c00000| Untracked 
|  30|0x0000000706e00000, 0x0000000706e00000, 0x0000000707000000|  0%| F|  |TAMS 0x0000000706e00000, 0x0000000706e00000| Untracked 
|  31|0x0000000707000000, 0x0000000707000000, 0x0000000707200000|  0%| F|  |TAMS 0x0000000707000000, 0x0000000707000000| Untracked 
|  32|0x0000000707200000, 0x0000000707200000, 0x0000000707400000|  0%| F|  |TAMS 0x0000000707200000, 0x0000000707200000| Untracked 
|  33|0x0000000707400000, 0x0000000707400000, 0x0000000707600000|  0%| F|  |TAMS 0x0000000707400000, 0x0000000707400000| Untracked 
|  34|0x0000000707600000, 0x0000000707600000, 0x0000000707800000|  0%| F|  |TAMS 0x0000000707600000, 0x0000000707600000| Untracked 
|  35|0x0000000707800000, 0x0000000707800000, 0x0000000707a00000|  0%| F|  |TAMS 0x0000000707800000, 0x0000000707800000| Untracked 
|  36|0x0000000707a00000, 0x0000000707a00000, 0x0000000707c00000|  0%| F|  |TAMS 0x0000000707a00000, 0x0000000707a00000| Untracked 
|  37|0x0000000707c00000, 0x0000000707c00000, 0x0000000707e00000|  0%| F|  |TAMS 0x0000000707c00000, 0x0000000707c00000| Untracked 
|  38|0x0000000707e00000, 0x0000000707e00000, 0x0000000708000000|  0%| F|  |TAMS 0x0000000707e00000, 0x0000000707e00000| Untracked 
|  39|0x0000000708000000, 0x0000000708000000, 0x0000000708200000|  0%| F|  |TAMS 0x0000000708000000, 0x0000000708000000| Untracked 
|  40|0x0000000708200000, 0x0000000708200000, 0x0000000708400000|  0%| F|  |TAMS 0x0000000708200000, 0x0000000708200000| Untracked 
|  41|0x0000000708400000, 0x0000000708400000, 0x0000000708600000|  0%| F|  |TAMS 0x0000000708400000, 0x0000000708400000| Untracked 
|  42|0x0000000708600000, 0x0000000708600000, 0x0000000708800000|  0%| F|  |TAMS 0x0000000708600000, 0x0000000708600000| Untracked 
|  43|0x0000000708800000, 0x0000000708800000, 0x0000000708a00000|  0%| F|  |TAMS 0x0000000708800000, 0x0000000708800000| Untracked 
|  44|0x0000000708a00000, 0x0000000708a00000, 0x0000000708c00000|  0%| F|  |TAMS 0x0000000708a00000, 0x0000000708a00000| Untracked 
|  45|0x0000000708c00000, 0x0000000708c00000, 0x0000000708e00000|  0%| F|  |TAMS 0x0000000708c00000, 0x0000000708c00000| Untracked 
|  46|0x0000000708e00000, 0x0000000708e00000, 0x0000000709000000|  0%| F|  |TAMS 0x0000000708e00000, 0x0000000708e00000| Untracked 
|  47|0x0000000709000000, 0x0000000709000000, 0x0000000709200000|  0%| F|  |TAMS 0x0000000709000000, 0x0000000709000000| Untracked 
|  54|0x0000000709e00000, 0x0000000709e00000, 0x000000070a000000|  0%| F|  |TAMS 0x0000000709e00000, 0x0000000709e00000| Untracked 
|  55|0x000000070a000000, 0x000000070a000000, 0x000000070a200000|  0%| F|  |TAMS 0x000000070a000000, 0x000000070a000000| Untracked 
|  56|0x000000070a200000, 0x000000070a200000, 0x000000070a400000|  0%| F|  |TAMS 0x000000070a200000, 0x000000070a200000| Untracked 
|  57|0x000000070a400000, 0x000000070a400000, 0x000000070a600000|  0%| F|  |TAMS 0x000000070a400000, 0x000000070a400000| Untracked 
| 126|0x0000000712e00000, 0x0000000712e00000, 0x0000000713000000|  0%| F|  |TAMS 0x0000000712e00000, 0x0000000712e00000| Untracked 

Card table byte_map: [0x00000200fd990000,0x00000200fe180000] _byte_map_base: 0x00000200fa177000

Marking Bits (Prev, Next): (CMBitMap*) 0x00000200f5600280, (CMBitMap*) 0x00000200f5600240
 Prev Bits: [0x0000020086f40000, 0x000002008ae78000)
 Next Bits: [0x0000020083000000, 0x0000020086f38000)

Polling page: 0x00000200f3390000

Metaspace:

Usage:
  Non-class:     57.07 MB used.
      Class:      9.53 MB used.
       Both:     66.60 MB used.

Virtual space:
  Non-class space:       64.00 MB reserved,      57.38 MB ( 90%) committed,  1 nodes.
      Class space:        1.00 GB reserved,       9.81 MB ( <1%) committed,  1 nodes.
             Both:        1.06 GB reserved,      67.19 MB (  6%) committed. 

Chunk freelists:
   Non-Class:  6.55 MB
       Class:  6.11 MB
        Both:  12.66 MB

MaxMetaspaceSize: unlimited
CompressedClassSpaceSize: 1.00 GB
Initial GC threshold: 21.00 MB
Current GC threshold: 98.88 MB
CDS: on
MetaspaceReclaimPolicy: balanced
 - commit_granule_bytes: 65536.
 - commit_granule_words: 8192.
 - virtual_space_node_default_size: 8388608.
 - enlarge_chunks_in_place: 1.
 - new_chunks_are_fully_committed: 0.
 - uncommit_free_chunks: 1.
 - use_allocation_guard: 0.
 - handle_deallocations: 1.


Internal statistics:

num_allocs_failed_limit: 9.
num_arena_births: 704.
num_arena_deaths: 0.
num_vsnodes_births: 2.
num_vsnodes_deaths: 0.
num_space_committed: 1075.
num_space_uncommitted: 0.
num_chunks_returned_to_freelist: 9.
num_chunks_taken_from_freelist: 3300.
num_chunk_merges: 9.
num_chunk_splits: 2342.
num_chunks_enlarged: 1783.
num_inconsistent_stats: 0.

CodeCache: size=49152Kb used=15216Kb max_used=16381Kb free=33935Kb
 bounds [0x0000020080000000, 0x0000020081000000, 0x0000020083000000]
 total_blobs=9245 nmethods=8600 adapters=571
 compilation: enabled
              stopped_count=0, restarted_count=0
 full_count=0

Compilation events (20 events):
Event: 150.254 Thread 0x00000200d479eee0 nmethod 8590 0x0000020080137890 code [0x0000020080137a20, 0x0000020080137b48]
Event: 150.254 Thread 0x00000200ff48ea90 nmethod 8591 0x0000020080137590 code [0x0000020080137720, 0x0000020080137808]
Event: 150.254 Thread 0x00000200d479eee0 8592       1       java.text.DontCareFieldPosition$1::formatted (1 bytes)
Event: 150.255 Thread 0x00000200d479eee0 nmethod 8592 0x0000020080137290 code [0x0000020080137420, 0x00000200801374d8]
Event: 150.255 Thread 0x00000200d479eee0 8593       1       org.apache.tomcat.util.buf.MessageBytes::toBytesSimple (105 bytes)
Event: 150.255 Thread 0x00000200ff48ea90 8594       1       org.apache.coyote.http11.Http11OutputBuffer::write (93 bytes)
Event: 150.255 Thread 0x00000200ff48ea90 nmethod 8594 0x0000020080136c90 code [0x0000020080136e60, 0x00000200801370a8]
Event: 150.255 Thread 0x00000200d479eee0 nmethod 8593 0x0000020080136110 code [0x0000020080136300, 0x00000200801369a8]
Event: 157.155 Thread 0x00000200ff48ea90 8595       1       java.util.concurrent.locks.AbstractQueuedSynchronizer$ConditionObject::unlinkCancelledWaiters (91 bytes)
Event: 157.155 Thread 0x00000200ff48ea90 nmethod 8595 0x0000020080135b90 code [0x0000020080135d40, 0x0000020080136018]
Event: 172.217 Thread 0x00000200ff48ea90 8596       1       java.util.concurrent.ScheduledThreadPoolExecutor$DelayedWorkQueue::add (9 bytes)
Event: 172.218 Thread 0x00000200ff48ea90 nmethod 8596 0x0000020080135810 code [0x00000200801359a0, 0x0000020080135ae8]
Event: 172.218 Thread 0x00000200ff48ea90 8597       1       java.util.concurrent.ScheduledThreadPoolExecutor$DelayedWorkQueue::add (6 bytes)
Event: 172.218 Thread 0x00000200ff48ea90 nmethod 8597 0x0000020080135510 code [0x00000200801356a0, 0x0000020080135788]
Event: 172.218 Thread 0x00000200ff48ea90 8598   !   1       java.util.concurrent.ScheduledThreadPoolExecutor$DelayedWorkQueue::offer (123 bytes)
Event: 172.219 Thread 0x00000200ff48ea90 nmethod 8598 0x0000020080134210 code [0x0000020080134480, 0x0000020080134da8]
Event: 172.219 Thread 0x00000200ff48ea90 8599       1       java.util.concurrent.ThreadPoolExecutor::ensurePrestart (41 bytes)
Event: 172.219 Thread 0x00000200ff48ea90 nmethod 8599 0x0000020080133e10 code [0x0000020080133fc0, 0x0000020080134138]
Event: 177.159 Thread 0x00000200ff48ea90 8600       1       java.util.concurrent.ScheduledThreadPoolExecutor$DelayedWorkQueue::siftUp (64 bytes)
Event: 177.160 Thread 0x00000200ff48ea90 nmethod 8600 0x0000020080133410 code [0x00000200801335e0, 0x0000020080133b28]

GC Heap History (20 events):
Event: 12.495 GC heap after
{Heap after GC invocations=14 (full 0):
 garbage-first heap   total 108544K, used 30434K [0x0000000703200000, 0x0000000800000000)
  region size 2048K, 2 young (4096K), 2 survivors (4096K)
 Metaspace       used 55269K, committed 55680K, reserved 1114112K
  class space    used 8015K, committed 8192K, reserved 1048576K
}
Event: 12.966 GC heap before
{Heap before GC invocations=14 (full 0):
 garbage-first heap   total 108544K, used 83682K [0x0000000703200000, 0x0000000800000000)
  region size 2048K, 28 young (57344K), 2 survivors (4096K)
 Metaspace       used 56908K, committed 57344K, reserved 1114112K
  class space    used 8194K, committed 8384K, reserved 1048576K
}
Event: 12.969 GC heap after
{Heap after GC invocations=15 (full 0):
 garbage-first heap   total 108544K, used 31204K [0x0000000703200000, 0x0000000800000000)
  region size 2048K, 3 young (6144K), 3 survivors (6144K)
 Metaspace       used 56908K, committed 57344K, reserved 1114112K
  class space    used 8194K, committed 8384K, reserved 1048576K
}
Event: 13.415 GC heap before
{Heap before GC invocations=15 (full 0):
 garbage-first heap   total 108544K, used 84452K [0x0000000703200000, 0x0000000800000000)
  region size 2048K, 29 young (59392K), 3 survivors (6144K)
 Metaspace       used 57191K, committed 57600K, reserved 1114112K
  class space    used 8236K, committed 8448K, reserved 1048576K
}
Event: 13.419 GC heap after
{Heap after GC invocations=16 (full 0):
 garbage-first heap   total 108544K, used 31752K [0x0000000703200000, 0x0000000800000000)
  region size 2048K, 3 young (6144K), 3 survivors (6144K)
 Metaspace       used 57191K, committed 57600K, reserved 1114112K
  class space    used 8236K, committed 8448K, reserved 1048576K
}
Event: 13.681 GC heap before
{Heap before GC invocations=16 (full 0):
 garbage-first heap   total 108544K, used 85000K [0x0000000703200000, 0x0000000800000000)
  region size 2048K, 29 young (59392K), 3 survivors (6144K)
 Metaspace       used 57270K, committed 57664K, reserved 1114112K
  class space    used 8240K, committed 8448K, reserved 1048576K
}
Event: 13.684 GC heap after
{Heap after GC invocations=17 (full 0):
 garbage-first heap   total 108544K, used 32256K [0x0000000703200000, 0x0000000800000000)
  region size 2048K, 2 young (4096K), 2 survivors (4096K)
 Metaspace       used 57270K, committed 57664K, reserved 1114112K
  class space    used 8240K, committed 8448K, reserved 1048576K
}
Event: 13.938 GC heap before
{Heap before GC invocations=17 (full 0):
 garbage-first heap   total 108544K, used 87552K [0x0000000703200000, 0x0000000800000000)
  region size 2048K, 29 young (59392K), 2 survivors (4096K)
 Metaspace       used 57371K, committed 57792K, reserved 1114112K
  class space    used 8251K, committed 8448K, reserved 1048576K
}
Event: 13.940 GC heap after
{Heap after GC invocations=18 (full 0):
 garbage-first heap   total 108544K, used 32310K [0x0000000703200000, 0x0000000800000000)
  region size 2048K, 2 young (4096K), 2 survivors (4096K)
 Metaspace       used 57371K, committed 57792K, reserved 1114112K
  class space    used 8251K, committed 8448K, reserved 1048576K
}
Event: 14.271 GC heap before
{Heap before GC invocations=18 (full 0):
 garbage-first heap   total 108544K, used 87606K [0x0000000703200000, 0x0000000800000000)
  region size 2048K, 29 young (59392K), 2 survivors (4096K)
 Metaspace       used 57737K, committed 58176K, reserved 1114112K
  class space    used 8281K, committed 8512K, reserved 1048576K
}
Event: 14.274 GC heap after
{Heap after GC invocations=19 (full 0):
 garbage-first heap   total 108544K, used 33110K [0x0000000703200000, 0x0000000800000000)
  region size 2048K, 2 young (4096K), 2 survivors (4096K)
 Metaspace       used 57737K, committed 58176K, reserved 1114112K
  class space    used 8281K, committed 8512K, reserved 1048576K
}
Event: 15.776 GC heap before
{Heap before GC invocations=19 (full 0):
 garbage-first heap   total 108544K, used 86358K [0x0000000703200000, 0x0000000800000000)
  region size 2048K, 29 young (59392K), 2 survivors (4096K)
 Metaspace       used 59986K, committed 60416K, reserved 1114112K
  class space    used 8608K, committed 8832K, reserved 1048576K
}
Event: 15.781 GC heap after
{Heap after GC invocations=20 (full 0):
 garbage-first heap   total 108544K, used 35171K [0x0000000703200000, 0x0000000800000000)
  region size 2048K, 3 young (6144K), 3 survivors (6144K)
 Metaspace       used 59986K, committed 60416K, reserved 1114112K
  class space    used 8608K, committed 8832K, reserved 1048576K
}
Event: 16.100 GC heap before
{Heap before GC invocations=21 (full 0):
 garbage-first heap   total 108544K, used 86371K [0x0000000703200000, 0x0000000800000000)
  region size 2048K, 29 young (59392K), 3 survivors (6144K)
 Metaspace       used 60704K, committed 61184K, reserved 1114112K
  class space    used 8718K, committed 8960K, reserved 1048576K
}
Event: 16.104 GC heap after
{Heap after GC invocations=22 (full 0):
 garbage-first heap   total 108544K, used 35944K [0x0000000703200000, 0x0000000800000000)
  region size 2048K, 3 young (6144K), 3 survivors (6144K)
 Metaspace       used 60704K, committed 61184K, reserved 1114112K
  class space    used 8718K, committed 8960K, reserved 1048576K
}
Event: 16.257 GC heap before
{Heap before GC invocations=22 (full 0):
 garbage-first heap   total 108544K, used 87144K [0x0000000703200000, 0x0000000800000000)
  region size 2048K, 28 young (57344K), 3 survivors (6144K)
 Metaspace       used 60704K, committed 61184K, reserved 1114112K
  class space    used 8718K, committed 8960K, reserved 1048576K
}
Event: 16.262 GC heap after
{Heap after GC invocations=23 (full 0):
 garbage-first heap   total 108544K, used 36042K [0x0000000703200000, 0x0000000800000000)
  region size 2048K, 3 young (6144K), 3 survivors (6144K)
 Metaspace       used 60704K, committed 61184K, reserved 1114112K
  class space    used 8718K, committed 8960K, reserved 1048576K
}
Event: 16.518 GC heap before
{Heap before GC invocations=23 (full 0):
 garbage-first heap   total 108544K, used 85194K [0x0000000703200000, 0x0000000800000000)
  region size 2048K, 28 young (57344K), 3 survivors (6144K)
 Metaspace       used 61106K, committed 61632K, reserved 1114112K
  class space    used 8789K, committed 9024K, reserved 1048576K
}
Event: 16.522 GC heap after
{Heap after GC invocations=24 (full 0):
 garbage-first heap   total 108544K, used 36503K [0x0000000703200000, 0x0000000800000000)
  region size 2048K, 3 young (6144K), 3 survivors (6144K)
 Metaspace       used 61106K, committed 61632K, reserved 1114112K
  class space    used 8789K, committed 9024K, reserved 1048576K
}
Event: 177.360 GC heap before
{Heap before GC invocations=24 (full 0):
 garbage-first heap   total 108544K, used 83607K [0x0000000703200000, 0x0000000800000000)
  region size 2048K, 27 young (55296K), 3 survivors (6144K)
 Metaspace       used 68194K, committed 68800K, reserved 1114112K
  class space    used 9755K, committed 10048K, reserved 1048576K
}

Dll operation events (13 events):
Event: 0.017 Loaded shared library C:\Users\davi.freitas\.jdks\corretto-17.0.8.1-1\bin\java.dll
Event: 0.045 Loaded shared library C:\Users\davi.freitas\.jdks\corretto-17.0.8.1-1\bin\jsvml.dll
Event: 0.319 Loaded shared library C:\Users\davi.freitas\.jdks\corretto-17.0.8.1-1\bin\zip.dll
Event: 0.324 Loaded shared library C:\Users\davi.freitas\.jdks\corretto-17.0.8.1-1\bin\instrument.dll
Event: 0.344 Loaded shared library C:\Users\davi.freitas\.jdks\corretto-17.0.8.1-1\bin\net.dll
Event: 0.348 Loaded shared library C:\Users\davi.freitas\.jdks\corretto-17.0.8.1-1\bin\nio.dll
Event: 0.351 Loaded shared library C:\Users\davi.freitas\.jdks\corretto-17.0.8.1-1\bin\zip.dll
Event: 0.475 Loaded shared library C:\Program Files\JetBrains\IntelliJ IDEA 2023.1.2\bin\breakgen64.dll
Event: 0.482 Loaded shared library C:\Users\davi.freitas\.jdks\corretto-17.0.8.1-1\bin\jimage.dll
Event: 0.513 Loaded shared library C:\Users\davi.freitas\.jdks\corretto-17.0.8.1-1\bin\management.dll
Event: 0.537 Loaded shared library C:\Users\davi.freitas\.jdks\corretto-17.0.8.1-1\bin\management_ext.dll
Event: 1.068 Loaded shared library C:\Users\davi.freitas\.jdks\corretto-17.0.8.1-1\bin\verify.dll
Event: 6.991 Loaded shared library C:\Users\davi.freitas\.jdks\corretto-17.0.8.1-1\bin\sunmscapi.dll

Deoptimization events (16 events):
Event: 2.697 Thread 0x00000200f55937e0 DEOPT PACKING pc=0x00000200805c0d79 sp=0x0000009fa48fd060
Event: 2.697 Thread 0x00000200f55937e0 DEOPT UNPACKING pc=0x000002008005ace3 sp=0x0000009fa48fc540 mode 3
Event: 5.047 Thread 0x00000200f55937e0 DEOPT PACKING pc=0x00000200805d0554 sp=0x0000009fa48fd570
Event: 5.047 Thread 0x00000200f55937e0 DEOPT UNPACKING pc=0x000002008005ace3 sp=0x0000009fa48fcac8 mode 0
Event: 11.937 Thread 0x00000200f55937e0 DEOPT PACKING pc=0x000002008093f4f9 sp=0x0000009fa48faf20
Event: 11.937 Thread 0x00000200f55937e0 DEOPT UNPACKING pc=0x000002008005ace3 sp=0x0000009fa48fa400 mode 3
Event: 12.038 Thread 0x00000200f55937e0 DEOPT PACKING pc=0x00000200808eb5a5 sp=0x0000009fa48fc390
Event: 12.038 Thread 0x00000200f55937e0 DEOPT UNPACKING pc=0x000002008005ace3 sp=0x0000009fa48fb8f8 mode 3
Event: 12.224 Thread 0x00000200f55937e0 DEOPT PACKING pc=0x00000200809fda1c sp=0x0000009fa48f90c0
Event: 12.224 Thread 0x00000200f55937e0 DEOPT UNPACKING pc=0x000002008005ace3 sp=0x0000009fa48f8580 mode 0
Event: 15.902 Thread 0x00000200f55937e0 DEOPT PACKING pc=0x0000020080e5af13 sp=0x0000009fa48fa480
Event: 15.903 Thread 0x00000200f55937e0 DEOPT UNPACKING pc=0x000002008005ace3 sp=0x0000009fa48f99c8 mode 3
Event: 16.959 Thread 0x00000200f55937e0 DEOPT PACKING pc=0x00000200805b1662 sp=0x0000009fa48fd8c0
Event: 16.959 Thread 0x00000200f55937e0 DEOPT UNPACKING pc=0x000002008005ace3 sp=0x0000009fa48fcdc8 mode 3
Event: 16.960 Thread 0x00000200f55937e0 DEOPT PACKING pc=0x00000200805aa7e5 sp=0x0000009fa48fd880
Event: 16.960 Thread 0x00000200f55937e0 DEOPT UNPACKING pc=0x000002008005ace3 sp=0x0000009fa48fcdc8 mode 3

Classes unloaded (0 events):
No events

Classes redefined (0 events):
No events

Internal exceptions (20 events):
Event: 16.251 Thread 0x00000200d3d2a9b0 Exception <a 'sun/nio/fs/WindowsException'{0x0000000706a3b658}> (0x0000000706a3b658) 
thrown [s\src\hotspot\share\prims\jni.cpp, line 516]
Event: 16.251 Thread 0x00000200d3d2a9b0 Exception <a 'sun/nio/fs/WindowsException'{0x0000000706a3bf10}> (0x0000000706a3bf10) 
thrown [s\src\hotspot\share\prims\jni.cpp, line 516]
Event: 16.252 Thread 0x00000200d3d2a9b0 Exception <a 'sun/nio/fs/WindowsException'{0x0000000706a3c190}> (0x0000000706a3c190) 
thrown [s\src\hotspot\share\prims\jni.cpp, line 516]
Event: 16.252 Thread 0x00000200d3d2a9b0 Exception <a 'sun/nio/fs/WindowsException'{0x0000000706a3ca40}> (0x0000000706a3ca40) 
thrown [s\src\hotspot\share\prims\jni.cpp, line 516]
Event: 16.252 Thread 0x00000200d3d2a9b0 Exception <a 'sun/nio/fs/WindowsException'{0x0000000706a3ccb0}> (0x0000000706a3ccb0) 
thrown [s\src\hotspot\share\prims\jni.cpp, line 516]
Event: 16.415 Thread 0x00000200f55937e0 Exception <a 'java/lang/ClassNotFoundException'{0x0000000706c070e8}: java/lang/ObjectCustomizer> (0x0000000706c070e8) 
thrown [s\src\hotspot\share\classfile\systemDictionary.cpp, line 256]
Event: 16.416 Thread 0x00000200f55937e0 Exception <a 'java/lang/ClassNotFoundException'{0x0000000706c0fda8}: org/springframework/security/config/annotation/web/configuration/HttpSecurityConfigurationCustomizer> (0x0000000706c0fda8) 
thrown [s\src\hotspot\share\classfile\systemDictionary.cpp, line 256]
Event: 16.443 Thread 0x00000200f55937e0 Exception <a 'java/lang/NoSuchMethodError'{0x0000000706ce3320}: 'java.lang.Object java.lang.invoke.DirectMethodHandle$Holder.invokeInterface(java.lang.Object, java.lang.Object, java.lang.Object, java.lang.Object)'> (0x0000000706ce3320) 
thrown [s\src\hotspot\share\interpreter\linkResolver.cpp, line 759]
Event: 16.536 Thread 0x00000200f55937e0 Exception <a 'java/lang/NoSuchMethodError'{0x0000000712e87678}: 'void java.lang.invoke.DirectMethodHandle$Holder.invokeVirtual(java.lang.Object, java.lang.Object, int)'> (0x0000000712e87678) 
thrown [s\src\hotspot\share\interpreter\linkResolver.cpp, line 759]
Event: 16.538 Thread 0x00000200f55937e0 Exception <a 'java/lang/NoSuchMethodError'{0x0000000712ea22a0}: 'void java.lang.invoke.DirectMethodHandle$Holder.invokeVirtual(java.lang.Object, java.lang.Object, long)'> (0x0000000712ea22a0) 
thrown [s\src\hotspot\share\interpreter\linkResolver.cpp, line 759]
Event: 16.653 Thread 0x00000200f55937e0 Exception <a 'java/lang/NoSuchMethodError'{0x000000070a347c78}: 'int java.lang.invoke.DirectMethodHandle$Holder.invokeStaticInit(java.lang.Object, java.lang.Object, java.lang.Object, java.lang.Object)'> (0x000000070a347c78) 
thrown [s\src\hotspot\share\interpreter\linkResolver.cpp, line 759]
Event: 17.064 Thread 0x00000200f55937e0 Exception <a 'java/lang/NoSuchMethodError'{0x0000000708739500}: 'java.lang.Object java.lang.invoke.DirectMethodHandle$Holder.invokeSpecial(java.lang.Object, java.lang.Object, int, java.lang.Object, int, java.lang.Object)'> (0x0000000708739500) 
thrown [s\src\hotspot\share\interpreter\linkResolver.cpp, line 759]
Event: 17.066 Thread 0x00000200f55937e0 Exception <a 'java/lang/NoSuchMethodError'{0x0000000708741300}: 'java.lang.Object java.lang.invoke.DirectMethodHandle$Holder.newInvokeSpecial(java.lang.Object, java.lang.Object, int, java.lang.Object, int)'> (0x0000000708741300) 
thrown [s\src\hotspot\share\interpreter\linkResolver.cpp, line 759]
Event: 17.067 Thread 0x00000200f55937e0 Exception <a 'java/lang/NoSuchMethodError'{0x0000000708745400}: 'java.lang.Object java.lang.invoke.DirectMethodHandle$Holder.invokeSpecial(java.lang.Object, java.lang.Object, java.lang.Object, int, java.lang.Object, int)'> (0x0000000708745400) 
thrown [s\src\hotspot\share\interpreter\linkResolver.cpp, line 759]
Event: 17.068 Thread 0x00000200f55937e0 Exception <a 'java/lang/NoSuchMethodError'{0x0000000708750730}: 'void java.lang.invoke.DirectMethodHandle$Holder.invokeVirtual(java.lang.Object, java.lang.Object)'> (0x0000000708750730) 
thrown [s\src\hotspot\share\interpreter\linkResolver.cpp, line 759]
Event: 17.865 Thread 0x00000200d3d2b3d0 Exception <a 'java/lang/NoSuchMethodError'{0x00000007078d6fb8}: 'java.lang.Object java.lang.invoke.DirectMethodHandle$Holder.invokeStaticInit(java.lang.Object, java.lang.Object, java.lang.Object, java.lang.Object, java.lang.Object, java.lang.Object)'> (0x00000007078d6fb8) 
thrown [s\src\hotspot\share\interpreter\linkResolver.cpp, line 759]
Event: 22.641 Thread 0x00000200d3d2bdf0 Exception <a 'java/lang/NoSuchMethodError'{0x00000007073c7ce8}: 'java.lang.Object java.lang.invoke.DirectMethodHandle$Holder.invokeSpecialIFC(java.lang.Object, java.lang.Object, java.lang.Object, java.lang.Object, java.lang.Object, java.lang.Object)'> (0x00000007073c7ce8) 
thrown [s\src\hotspot\share\interpreter\linkResolver.cpp, line 759]
Event: 22.642 Thread 0x00000200d3d2bdf0 Exception <a 'java/lang/NoSuchMethodError'{0x00000007073d0890}: 'java.lang.Object java.lang.invoke.Invokers$Holder.invoker(java.lang.Object, java.lang.Object, java.lang.Object, java.lang.Object, java.lang.Object, java.lang.Object)'> (0x00000007073d0890) 
thrown [s\src\hotspot\share\interpreter\linkResolver.cpp, line 759]
Event: 22.643 Thread 0x00000200d3d2bdf0 Exception <a 'java/lang/NoSuchMethodError'{0x00000007073ea770}: 'java.lang.Object java.lang.invoke.Invokers$Holder.invokeExact_MT(java.lang.Object, java.lang.Object, java.lang.Object, java.lang.Object)'> (0x00000007073ea770) 
thrown [s\src\hotspot\share\interpreter\linkResolver.cpp, line 759]
Event: 22.718 Thread 0x00000200d3d2bdf0 Exception <a 'java/lang/NoSuchMethodError'{0x00000007071f4998}: 'java.lang.Object java.lang.invoke.DirectMethodHandle$Holder.newInvokeSpecial(java.lang.Object, long)'> (0x00000007071f4998) 
thrown [s\src\hotspot\share\interpreter\linkResolver.cpp, line 759]

VM Operations (20 events):
Event: 60.142 Executing VM operation: HandshakeAllThreads done
Event: 61.154 Executing VM operation: Cleanup
Event: 61.154 Executing VM operation: Cleanup done
Event: 72.241 Executing VM operation: Cleanup
Event: 72.241 Executing VM operation: Cleanup done
Event: 78.291 Executing VM operation: Cleanup
Event: 78.292 Executing VM operation: Cleanup done
Event: 81.330 Executing VM operation: Cleanup
Event: 81.330 Executing VM operation: Cleanup done
Event: 85.371 Executing VM operation: Cleanup
Event: 85.371 Executing VM operation: Cleanup done
Event: 102.514 Executing VM operation: Cleanup
Event: 102.514 Executing VM operation: Cleanup done
Event: 145.859 Executing VM operation: Cleanup
Event: 145.859 Executing VM operation: Cleanup done
Event: 150.921 Executing VM operation: Cleanup
Event: 150.921 Executing VM operation: Cleanup done
Event: 155.949 Executing VM operation: Cleanup
Event: 155.949 Executing VM operation: Cleanup done
Event: 177.360 Executing VM operation: G1CollectForAllocation

Events (20 events):
Event: 22.579 Thread 0x00000200d2a149a0 Thread exited: 0x00000200d2a149a0
Event: 22.579 Thread 0x00000200d20edf90 Thread exited: 0x00000200d20edf90
Event: 22.579 Thread 0x00000200d20ee4b0 Thread exited: 0x00000200d20ee4b0
Event: 22.659 loading class java/util/JumboEnumSet$EnumSetIterator
Event: 22.660 loading class java/util/JumboEnumSet$EnumSetIterator done
Event: 22.711 Thread 0x00000200d479eee0 Thread added: 0x00000200d479eee0
Event: 22.715 loading class java/util/function/LongSupplier
Event: 22.715 loading class java/util/function/LongSupplier done
Event: 27.023 loading class java/time/format/DateTimeParseContext
Event: 27.026 loading class java/time/format/DateTimeParseContext done
Event: 27.026 loading class java/time/format/Parsed
Event: 27.027 loading class java/time/format/Parsed done
Event: 37.089 Thread 0x00000200d479eee0 Thread exited: 0x00000200d479eee0
Event: 60.440 Thread 0x00000200d479eee0 Thread added: 0x00000200d479eee0
Event: 67.110 Thread 0x00000200d479eee0 Thread exited: 0x00000200d479eee0
Event: 106.338 Thread 0x00000200d2a52cb0 Thread exited: 0x00000200d2a52cb0
Event: 145.025 Thread 0x00000200d4b9c840 Thread exited: 0x00000200d4b9c840
Event: 150.241 Thread 0x00000200d479eee0 Thread added: 0x00000200d479eee0
Event: 155.270 Thread 0x00000200d479eee0 Thread exited: 0x00000200d479eee0
Event: 177.360 loading class sun/net/ConnectionResetException


Dynamic libraries:
0x00007ff7e58d0000 - 0x00007ff7e58dd000 	C:\Users\davi.freitas\.jdks\corretto-17.0.8.1-1\bin\java.exe
0x00007ffe75db0000 - 0x00007ffe75fa8000 	C:\Windows\SYSTEM32\ntdll.dll
0x00007ffe751e0000 - 0x00007ffe7529d000 	C:\Windows\System32\KERNEL32.DLL
0x00007ffe73780000 - 0x00007ffe73a76000 	C:\Windows\System32\KERNELBASE.dll
0x00007ffe73ce0000 - 0x00007ffe73de0000 	C:\Windows\System32\ucrtbase.dll
0x00007ffe6c940000 - 0x00007ffe6c955000 	C:\Users\davi.freitas\.jdks\corretto-17.0.8.1-1\bin\VCRUNTIME140.dll
0x00007ffe6d770000 - 0x00007ffe6d787000 	C:\Users\davi.freitas\.jdks\corretto-17.0.8.1-1\bin\jli.dll
0x00007ffe64430000 - 0x00007ffe646ca000 	C:\Windows\WinSxS\amd64_microsoft.windows.common-controls_6595b64144ccf1df_6.0.19041.3636_none_60b6a03d71f818d5\COMCTL32.dll
0x00007ffe75020000 - 0x00007ffe750be000 	C:\Windows\System32\msvcrt.dll
0x00007ffe759c0000 - 0x00007ffe75b5e000 	C:\Windows\System32\USER32.dll
0x00007ffe750d0000 - 0x00007ffe750fc000 	C:\Windows\System32\GDI32.dll
0x00007ffe73a80000 - 0x00007ffe73aa2000 	C:\Windows\System32\win32u.dll
0x00007ffe735d0000 - 0x00007ffe736ea000 	C:\Windows\System32\gdi32full.dll
0x00007ffe73c40000 - 0x00007ffe73cdd000 	C:\Windows\System32\msvcp_win.dll
0x00007ffe75c80000 - 0x00007ffe75cb0000 	C:\Windows\System32\IMM32.DLL
0x00007ffe412b0000 - 0x00007ffe4134b000 	C:\Users\davi.freitas\.jdks\corretto-17.0.8.1-1\bin\msvcp140.dll
0x00007ffe343e0000 - 0x00007ffe34ffd000 	C:\Users\davi.freitas\.jdks\corretto-17.0.8.1-1\bin\server\jvm.dll
0x00007ffe74810000 - 0x00007ffe748bf000 	C:\Windows\System32\ADVAPI32.dll
0x00007ffe75910000 - 0x00007ffe759ac000 	C:\Windows\System32\sechost.dll
0x00007ffe75370000 - 0x00007ffe75496000 	C:\Windows\System32\RPCRT4.dll
0x00007ffe729d0000 - 0x00007ffe72a1b000 	C:\Windows\SYSTEM32\POWRPROF.dll
0x00007ffe6e290000 - 0x00007ffe6e299000 	C:\Windows\SYSTEM32\WSOCK32.dll
0x00007ffe74b90000 - 0x00007ffe74bfb000 	C:\Windows\System32\WS2_32.dll
0x00007ffe61b90000 - 0x00007ffe61bb7000 	C:\Windows\SYSTEM32\WINMM.dll
0x00007ffe6dce0000 - 0x00007ffe6dcea000 	C:\Windows\SYSTEM32\VERSION.dll
0x00007ffe72840000 - 0x00007ffe72852000 	C:\Windows\SYSTEM32\UMPDC.dll
0x00007ffe71aa0000 - 0x00007ffe71ab2000 	C:\Windows\SYSTEM32\kernel.appcore.dll
0x00007ffe6d6c0000 - 0x00007ffe6d6ca000 	C:\Users\davi.freitas\.jdks\corretto-17.0.8.1-1\bin\jimage.dll
0x00007ffe70e80000 - 0x00007ffe71064000 	C:\Windows\SYSTEM32\DBGHELP.DLL
0x00007ffe6b840000 - 0x00007ffe6b874000 	C:\Windows\SYSTEM32\dbgcore.DLL
0x00007ffe736f0000 - 0x00007ffe73772000 	C:\Windows\System32\bcryptPrimitives.dll
0x00007ffe6d2c0000 - 0x00007ffe6d2ce000 	C:\Users\davi.freitas\.jdks\corretto-17.0.8.1-1\bin\instrument.dll
0x00007ffe6c910000 - 0x00007ffe6c935000 	C:\Users\davi.freitas\.jdks\corretto-17.0.8.1-1\bin\java.dll
0x00007ffe41100000 - 0x00007ffe411d6000 	C:\Users\davi.freitas\.jdks\corretto-17.0.8.1-1\bin\jsvml.dll
0x00007ffe740c0000 - 0x00007ffe74804000 	C:\Windows\System32\SHELL32.dll
0x00007ffe712f0000 - 0x00007ffe71a8b000 	C:\Windows\SYSTEM32\windows.storage.dll
0x00007ffe74cc0000 - 0x00007ffe75014000 	C:\Windows\System32\combase.dll
0x00007ffe72dc0000 - 0x00007ffe72ded000 	C:\Windows\SYSTEM32\Wldp.dll
0x00007ffe73de0000 - 0x00007ffe73e8d000 	C:\Windows\System32\SHCORE.dll
0x00007ffe74c00000 - 0x00007ffe74c55000 	C:\Windows\System32\shlwapi.dll
0x00007ffe73390000 - 0x00007ffe733b5000 	C:\Windows\SYSTEM32\profapi.dll
0x00007ffe650e0000 - 0x00007ffe650f8000 	C:\Users\davi.freitas\.jdks\corretto-17.0.8.1-1\bin\zip.dll
0x00007ffe6c790000 - 0x00007ffe6c7a9000 	C:\Users\davi.freitas\.jdks\corretto-17.0.8.1-1\bin\net.dll
0x00007ffe6f200000 - 0x00007ffe6f30a000 	C:\Windows\SYSTEM32\WINHTTP.dll
0x00007ffe72ba0000 - 0x00007ffe72c0a000 	C:\Windows\system32\mswsock.dll
0x00007ffe6a390000 - 0x00007ffe6a3a5000 	C:\Users\davi.freitas\.jdks\corretto-17.0.8.1-1\bin\nio.dll
0x00007ffe54bc0000 - 0x00007ffe54bda000 	C:\Program Files\JetBrains\IntelliJ IDEA 2023.1.2\bin\breakgen64.dll
0x00007ffe728a0000 - 0x00007ffe7296a000 	C:\Windows\SYSTEM32\DNSAPI.dll
0x00007ffe72860000 - 0x00007ffe7289b000 	C:\Windows\SYSTEM32\IPHLPAPI.DLL
0x00007ffe74b80000 - 0x00007ffe74b88000 	C:\Windows\System32\NSI.dll
0x00007ffe6c420000 - 0x00007ffe6c42a000 	C:\Windows\System32\rasadhlp.dll
0x00007ffe6f020000 - 0x00007ffe6f0a0000 	C:\Windows\System32\fwpuclnt.dll
0x00007ffe73c10000 - 0x00007ffe73c37000 	C:\Windows\System32\bcrypt.dll
0x00007ffe6c780000 - 0x00007ffe6c789000 	C:\Users\davi.freitas\.jdks\corretto-17.0.8.1-1\bin\management.dll
0x00007ffe6bea0000 - 0x00007ffe6beab000 	C:\Users\davi.freitas\.jdks\corretto-17.0.8.1-1\bin\management_ext.dll
0x00007ffe759b0000 - 0x00007ffe759b8000 	C:\Windows\System32\PSAPI.DLL
0x00007ffe72e00000 - 0x00007ffe72e18000 	C:\Windows\SYSTEM32\CRYPTSP.dll
0x00007ffe72480000 - 0x00007ffe724b4000 	C:\Windows\system32\rsaenh.dll
0x00007ffe73310000 - 0x00007ffe7333e000 	C:\Windows\SYSTEM32\USERENV.dll
0x00007ffe72d30000 - 0x00007ffe72d3c000 	C:\Windows\SYSTEM32\CRYPTBASE.dll
0x00007ffe6dc30000 - 0x00007ffe6dc47000 	C:\Windows\SYSTEM32\dhcpcsvc6.DLL
0x00007ffe6dbd0000 - 0x00007ffe6dbed000 	C:\Windows\SYSTEM32\dhcpcsvc.DLL
0x00007ffe6c470000 - 0x00007ffe6c487000 	C:\Windows\system32\napinsp.dll
0x00007ffe6c490000 - 0x00007ffe6c4ab000 	C:\Windows\system32\pnrpnsp.dll
0x00007ffe6f8e0000 - 0x00007ffe6f8f5000 	C:\Windows\system32\wshbth.dll
0x00007ffe6f1e0000 - 0x00007ffe6f1fd000 	C:\Windows\system32\NLAapi.dll
0x00007ffe6c4b0000 - 0x00007ffe6c4c2000 	C:\Windows\System32\winrnr.dll
0x00007ffe5e260000 - 0x00007ffe5e270000 	C:\Users\davi.freitas\.jdks\corretto-17.0.8.1-1\bin\verify.dll
0x00007ffe5e200000 - 0x00007ffe5e20e000 	C:\Users\davi.freitas\.jdks\corretto-17.0.8.1-1\bin\sunmscapi.dll
0x00007ffe73ab0000 - 0x00007ffe73c0d000 	C:\Windows\System32\CRYPT32.dll
0x00007ffe72f10000 - 0x00007ffe72f37000 	C:\Windows\SYSTEM32\ncrypt.dll
0x00007ffe72ed0000 - 0x00007ffe72f0b000 	C:\Windows\SYSTEM32\NTASN1.dll
0x00007ffe6d950000 - 0x00007ffe6d957000 	C:\Windows\system32\wshunix.dll

dbghelp: loaded successfully - version: 4.0.5 - missing functions: none
symbol engine: initialized successfully - sym options: 0x614 - pdb path: .;C:\Users\davi.freitas\.jdks\corretto-17.0.8.1-1\bin;C:\Windows\SYSTEM32;C:\Windows\WinSxS\amd64_microsoft.windows.common-controls_6595b64144ccf1df_6.0.19041.3636_none_60b6a03d71f818d5;C:\Users\davi.freitas\.jdks\corretto-17.0.8.1-1\bin\server;C:\Program Files\JetBrains\IntelliJ IDEA 2023.1.2\bin

VM Arguments:
jvm_args: -XX:TieredStopAtLevel=1 -Dspring.output.ansi.enabled=always -Dcom.sun.management.jmxremote -Dspring.jmx.enabled=true -Dspring.liveBeansView.mbeanDomain -Dspring.application.admin.enabled=true -Dmanagement.endpoints.jmx.exposure.include=* -javaagent:C:\Program Files\JetBrains\IntelliJ IDEA 2023.1.2\lib\idea_rt.jar=49305:C:\Program Files\JetBrains\IntelliJ IDEA 2023.1.2\bin -Dfile.encoding=UTF-8 
java_command: com.dggl.amei.AmeiApplication
java_class_path (initial): C:\Davi\dev\TCS\amei-be\target\classes;C:\Users\davi.freitas\.m2\repository\org\springframework\boot\spring-boot-starter-data-jpa\2.7.14\spring-boot-starter-data-jpa-2.7.14.jar;C:\Users\davi.freitas\.m2\repository\org\springframework\boot\spring-boot-starter-aop\2.7.14\spring-boot-starter-aop-2.7.14.jar;C:\Users\davi.freitas\.m2\repository\org\aspectj\aspectjweaver\1.9.7\aspectjweaver-1.9.7.jar;C:\Users\davi.freitas\.m2\repository\org\springframework\boot\spring-boot-starter-jdbc\2.7.14\spring-boot-starter-jdbc-2.7.14.jar;C:\Users\davi.freitas\.m2\repository\com\zaxxer\HikariCP\4.0.3\HikariCP-4.0.3.jar;C:\Users\davi.freitas\.m2\repository\org\springframework\spring-jdbc\5.3.29\spring-jdbc-5.3.29.jar;C:\Users\davi.freitas\.m2\repository\jakarta\transaction\jakarta.transaction-api\1.3.3\jakarta.transaction-api-1.3.3.jar;C:\Users\davi.freitas\.m2\repository\jakarta\persistence\jakarta.persistence-api\2.2.3\jakarta.persistence-api-2.2.3.jar;C:\Users\davi.freitas\.m2\repository\org\hibernate\hibernate-core\5.6.15.Final\hibernate-core-5.6.15.Final.jar;C:\Users\davi.freitas\.m2\repository\org\jboss\logging\jboss-logging\3.4.3.Final\jboss-logging-3.4.3.Final.jar;C:\Users\davi.freitas\.m2\repository\net\bytebuddy\byte-buddy\1.12.23\byte-buddy-1.12.23.jar;C:\Users\davi.freitas\.m2\repository\antlr\antlr\2.7.7\antlr-2.7.7.jar;C:\Users\davi.freitas\.m2\repository\org\jboss\jandex\2.4.2.Final\jandex-2.4.2.Final.jar;C:\Users\davi.freitas\.m2\repository\com\fasterxml\classmate\1.5.1\classmate-1.5.1.jar;C:\Users\davi.freitas\.m2\repository\org\hibernate\common\hibernate-commons-annotations\5.1.2.Final\hibernate-commons-annotations-5.1.2.Final.jar;C:\Users\davi.freitas\.m2\repository\org\glassfish\jaxb\jaxb-runtime\2.3.8\jaxb-runtime-2.3.8.jar;C:\Users\davi.freitas\.m2\repository\org\glassfish\jaxb\txw2\2.3.8\txw2-2.3.8.jar;C:\Users\davi.freitas\.m2\repository\com\sun\istack\istack-commons-runtime\3.0.12\istack-commons-runtime-3.0.12.jar;C:\Users\davi.fr
Launcher Type: SUN_STANDARD

[Global flags]
     intx CICompilerCount                          = 4                                         {product} {ergonomic}
     uint ConcGCThreads                            = 2                                         {product} {ergonomic}
     uint G1ConcRefinementThreads                  = 8                                         {product} {ergonomic}
   size_t G1HeapRegionSize                         = 2097152                                   {product} {ergonomic}
    uintx GCDrainStackTargetSize                   = 64                                        {product} {ergonomic}
   size_t InitialHeapSize                          = 266338304                                 {product} {ergonomic}
     bool ManagementServer                         = true                                      {product} {command line}
   size_t MarkStackSize                            = 4194304                                   {product} {ergonomic}
   size_t MaxHeapSize                              = 4242538496                                {product} {ergonomic}
   size_t MaxNewSize                               = 2543845376                                {product} {ergonomic}
   size_t MinHeapDeltaBytes                        = 2097152                                   {product} {ergonomic}
   size_t MinHeapSize                              = 8388608                                   {product} {ergonomic}
    uintx NonProfiledCodeHeapSize                  = 0                                      {pd product} {ergonomic}
     bool ProfileInterpreter                       = false                                  {pd product} {command line}
    uintx ProfiledCodeHeapSize                     = 0                                      {pd product} {ergonomic}
   size_t SoftMaxHeapSize                          = 4242538496                             {manageable} {ergonomic}
     intx TieredStopAtLevel                        = 1                                         {product} {command line}
     bool UseCompressedClassPointers               = true                           {product lp64_product} {ergonomic}
     bool UseCompressedOops                        = true                           {product lp64_product} {ergonomic}
     bool UseG1GC                                  = true                                      {product} {ergonomic}
     bool UseLargePagesIndividualAllocation        = false                                  {pd product} {ergonomic}

Logging:
Log output configuration:
 #0: stdout all=warning uptime,level,tags
 #1: stderr all=off uptime,level,tags

Environment Variables:
JAVA_HOME=C:\Users\davi.freitas\.jdks\corretto-17.0.8.1-1\
PATH=R:\Utilitarios para Desenvolvimento\OracleClient;C:\app\davi.freitas\product\11.2.0\client_2\bin;C:\app\davi.freitas\product\11.2.0\client_1;C:\Windows\system32;C:\Windows;C:\Windows\System32\Wbem;C:\Windows\System32\WindowsPowerShell\v1.0\;C:\Windows\System32\OpenSSH\;C:\ProgramData\chocolatey\bin;C:\Program Files\Git\cmd;C:\Program Files\Microsoft SQL Server\150\Tools\Binn\;C:\Program Files\Microsoft SQL Server\Client SDK\ODBC\170\Tools\Binn\;C:\Program Files\dotnet\;C:\Users\davi.freitas\bin\Sencha\Cmd;C:\Program Files\Microsoft SQL Server\110\Tools\Binn\;C:\Program Files\Microsoft SQL Server\130\Tools\Binn\;C:\Program Files\nodejs\;C:\Program Files\Docker\Docker\resources\bin;C:\Program Files\PostgreSQL\11\bin;C:\sqlite;C:\Users\davi.freitas\.jdks\corretto-17.0.8.1-1\\bin;C:\Davi\Stripe;C:\Ruby32-x64\bin;C:\Users\davi.freitas\.console-ninja\.bin;C:\Users\davi.freitas\bin\Sencha\Cmd;C:\Users\davi.freitas\AppData\Local\Microsoft\WindowsApps;C:\Users\davi.freitas\AppData\Local\Programs\Microsoft VS Code\bin;C:\Users\davi.freitas\.dotnet\tools;C:\Program Files\JetBrains\WebStorm 2022.2.3\bin;C:\Program Files\JetBrains\IntelliJ IDEA 2022.2.3\bin;C:\Users\davi.freitas\AppData\Roaming\npm;C:\Program Files\JetBrains\IntelliJ IDEA 2023.1.2\bin;C:\Users\davi.freitas\AppData\Local\JetBrains\Toolbox\scripts;C:\Program Files\JetBrains\JetBrains Rider 2023.2.2\bin;;C:\Users\davi.freitas\.dotnet\tools;C:\Users\davi.freitas\AppData\Local\Programs\Azure Data Studio\bin
USERNAME=davi.freitas
OS=Windows_NT
PROCESSOR_IDENTIFIER=Intel64 Family 6 Model 140 Stepping 1, GenuineIntel
TMP=C:\Users\DAVI~1.FRE\AppData\Local\Temp
TEMP=C:\Users\DAVI~1.FRE\AppData\Local\Temp



---------------  S Y S T E M  ---------------

OS:
 Windows 10 , 64 bit Build 19041 (10.0.19041.3636)
OS uptime: 3 days 20:36 hours
Hyper-V role detected

CPU: total 8 (initial active 8) (4 cores per cpu, 2 threads per core) family 6 model 140 stepping 1 microcode 0x8a, cx8, cmov, fxsr, ht, mmx, 3dnowpref, sse, sse2, sse3, ssse3, sse4.1, sse4.2, popcnt, lzcnt, tsc, tscinvbit, avx, avx2, aes, erms, clmul, bmi1, bmi2, adx, avx512f, avx512dq, avx512cd, avx512bw, avx512vl, sha, fma, vzeroupper, avx512_vpopcntdq, avx512_vpclmulqdq, avx512_vaes, avx512_vnni, clflush, clflushopt, clwb, avx512_vbmi2, avx512_vbmi, hv
Processor Information for all 8 processors :
  Max Mhz: 2419, Current Mhz: 2419, Mhz Limit: 2419

Memory: 4k page, system-wide physical 16183M (852M free)
TotalPageFile size 46548M (AvailPageFile size 14M)
current process WorkingSet (physical memory assigned to process): 259M, peak: 259M
current process commit charge ("private bytes"): 301M, peak: 379M

vm_info: OpenJDK 64-Bit Server VM (17.0.8.1+8-LTS) for windows-amd64 JRE (17.0.8.1+8-LTS), built on Aug 19 2023 03:47:39 by "Administrator" with MS VC++ 15.9 (VS2017)

END.
